<?xml version="1.0" encoding="UTF-8"?>
<testsuite xmlns:xsi="http://www.w3.org/2001/XMLSchema-instance" xsi:noNamespaceSchemaLocation="https://maven.apache.org/surefire/maven-surefire-plugin/xsd/surefire-test-report.xsd" name="dev.vality.adapter.flow.lib.flow.RefundPaymentNon3dsTest" time="0.023" tests="2" errors="0" skipped="0" failures="0">
  <properties>
[...]
</properties>
  <testcase name="testTwoStage" classname="dev.vality.adapter.flow.lib.flow.RefundPaymentNon3dsTest" time="0.009"/>
  <testcase name="testOneStage" classname="dev.vality.adapter.flow.lib.flow.RefundPaymentNon3dsTest" time="0.012"/>
</testsuite>